[debug] [2022-11-04T13:45:37.975Z] ----------------------------------------------------------------------
[debug] [2022-11-04T13:45:37.977Z] Command:       C:\Program Files\nodejs\node.exe C:\Users\Swapnil\AppData\Roaming\npm\node_modules\firebase-tools\lib\bin\firebase.js init
[debug] [2022-11-04T13:45:37.978Z] CLI Version:   11.16.0
[debug] [2022-11-04T13:45:37.978Z] Platform:      win32
[debug] [2022-11-04T13:45:37.978Z] Node Version:  v16.17.1
[debug] [2022-11-04T13:45:37.980Z] Time:          Fri Nov 04 2022 19:15:37 GMT+0530 (India Standard Time)
[debug] [2022-11-04T13:45:37.980Z] ----------------------------------------------------------------------
[debug] 
[debug] [2022-11-04T13:45:38.081Z] > command requires scopes: ["email","openid","https://www.googleapis.com/auth/cloudplatformprojects.readonly","https://www.googleapis.com/auth/firebase","https://www.googleapis.com/auth/cloud-platform"]
[debug] [2022-11-04T13:45:38.082Z] > authorizing via signed-in user (ahirwarswapnil1@gmail.com)
[info] 
     ######## #### ########  ######## ########     ###     ######  ########
     ##        ##  ##     ## ##       ##     ##  ##   ##  ##       ##
     ######    ##  ########  ######   ########  #########  ######  ######
     ##        ##  ##    ##  ##       ##     ## ##     ##       ## ##
     ##       #### ##     ## ######## ########  ##     ##  ######  ########

You're about to initialize a Firebase project in this directory:

  F:\Angular-Assignment

Before we get started, keep in mind:

  * You are initializing within an existing Firebase project directory

[info] 
=== Project Setup
[info] 
[info] First, let's associate this project directory with a Firebase project.
[info] You can create multiple project aliases by running firebase use --add, 
[info] but for now we'll just set up a default project.
[info] 
[debug] [2022-11-04T13:46:28.675Z] >>> [apiv2][query] GET https://firebase.googleapis.com/v1beta1/projects pageSize=100
[debug] [2022-11-04T13:46:29.431Z] <<< [apiv2][status] GET https://firebase.googleapis.com/v1beta1/projects 200
[debug] [2022-11-04T13:46:29.431Z] <<< [apiv2][body] GET https://firebase.googleapis.com/v1beta1/projects [omitted]
[info] i  Using project thinktac-assignment (ThinkTac-Assignment) 
[info] 
=== Firestore Setup
[debug] [2022-11-04T13:46:35.198Z] >>> [apiv2][query] GET https://serviceusage.googleapis.com/v1/projects/thinktac-assignment/services/firestore.googleapis.com [none]
[debug] [2022-11-04T13:46:35.198Z] >>> [apiv2][(partial)header] GET https://serviceusage.googleapis.com/v1/projects/thinktac-assignment/services/firestore.googleapis.com x-goog-quota-user=projects/thinktac-assignment
[debug] [2022-11-04T13:46:36.855Z] <<< [apiv2][status] GET https://serviceusage.googleapis.com/v1/projects/thinktac-assignment/services/firestore.googleapis.com 200
[debug] [2022-11-04T13:46:36.856Z] <<< [apiv2][body] GET https://serviceusage.googleapis.com/v1/projects/thinktac-assignment/services/firestore.googleapis.com [omitted]
[debug] [2022-11-04T13:46:36.856Z] >>> [apiv2][query] GET https://appengine.googleapis.com/v1/apps/thinktac-assignment [none]
[debug] [2022-11-04T13:46:37.824Z] <<< [apiv2][status] GET https://appengine.googleapis.com/v1/apps/thinktac-assignment 200
[debug] [2022-11-04T13:46:37.825Z] <<< [apiv2][body] GET https://appengine.googleapis.com/v1/apps/thinktac-assignment {"name":"apps/thinktac-assignment","id":"thinktac-assignment","authDomain":"gmail.com","locationId":"us-central","codeBucket":"staging.thinktac-assignment.appspot.com","servingStatus":"SERVING","defaultHostname":"thinktac-assignment.uc.r.appspot.com","defaultBucket":"thinktac-assignment.appspot.com","serviceAccount":"thinktac-assignment@appspot.gserviceaccount.com","gcrDomain":"us.gcr.io","databaseType":"CLOUD_FIRESTORE","featureSettings":{"splitHealthChecks":true,"useContainerOptimizedOs":true}}
[debug] [2022-11-04T13:46:37.826Z] database_type: CLOUD_FIRESTORE
[debug] [2022-11-04T13:46:37.828Z] > command requires scopes: ["email","openid","https://www.googleapis.com/auth/cloudplatformprojects.readonly","https://www.googleapis.com/auth/firebase","https://www.googleapis.com/auth/cloud-platform"]
[debug] [2022-11-04T13:46:37.829Z] > authorizing via signed-in user (ahirwarswapnil1@gmail.com)
[debug] [2022-11-04T13:46:37.829Z] [iam] checking project thinktac-assignment for permissions ["firebase.projects.get"]
[debug] [2022-11-04T13:46:37.832Z] >>> [apiv2][query] POST https://cloudresourcemanager.googleapis.com/v1/projects/thinktac-assignment:testIamPermissions [none]
[debug] [2022-11-04T13:46:37.833Z] >>> [apiv2][(partial)header] POST https://cloudresourcemanager.googleapis.com/v1/projects/thinktac-assignment:testIamPermissions x-goog-quota-user=projects/thinktac-assignment
[debug] [2022-11-04T13:46:37.833Z] >>> [apiv2][body] POST https://cloudresourcemanager.googleapis.com/v1/projects/thinktac-assignment:testIamPermissions {"permissions":["firebase.projects.get"]}
[debug] [2022-11-04T13:46:39.123Z] <<< [apiv2][status] POST https://cloudresourcemanager.googleapis.com/v1/projects/thinktac-assignment:testIamPermissions 200
[debug] [2022-11-04T13:46:39.124Z] <<< [apiv2][body] POST https://cloudresourcemanager.googleapis.com/v1/projects/thinktac-assignment:testIamPermissions {"permissions":["firebase.projects.get"]}
[info] 
[info] Firestore Security Rules allow you to define how and when to allow
[info] requests. You can keep these rules in your project directory
[info] and publish them with firebase deploy.
[info] 
[debug] [2022-11-04T13:47:06.870Z] >>> [apiv2][query] GET https://firebaserules.googleapis.com/v1/projects/thinktac-assignment/releases pageSize=10&pageToken=
[debug] [2022-11-04T13:47:08.383Z] <<< [apiv2][status] GET https://firebaserules.googleapis.com/v1/projects/thinktac-assignment/releases 200
[debug] [2022-11-04T13:47:08.383Z] <<< [apiv2][body] GET https://firebaserules.googleapis.com/v1/projects/thinktac-assignment/releases {"releases":[{"name":"projects/thinktac-assignment/releases/cloud.firestore","rulesetName":"projects/thinktac-assignment/rulesets/2c0045a5-fd95-4a32-9586-b161198ced15","createTime":"2022-10-31T08:43:01.556958Z","updateTime":"2022-10-31T08:43:01.556958Z"}]}
[debug] [2022-11-04T13:47:08.383Z] Found ruleset: projects/thinktac-assignment/rulesets/2c0045a5-fd95-4a32-9586-b161198ced15
[debug] [2022-11-04T13:47:08.383Z] >>> [apiv2][query] GET https://firebaserules.googleapis.com/v1/projects/thinktac-assignment/rulesets/2c0045a5-fd95-4a32-9586-b161198ced15 [none]
[debug] [2022-11-04T13:47:09.805Z] <<< [apiv2][status] GET https://firebaserules.googleapis.com/v1/projects/thinktac-assignment/rulesets/2c0045a5-fd95-4a32-9586-b161198ced15 200
[debug] [2022-11-04T13:47:09.806Z] <<< [apiv2][body] GET https://firebaserules.googleapis.com/v1/projects/thinktac-assignment/rulesets/2c0045a5-fd95-4a32-9586-b161198ced15 [omitted]
[info] 
[info] Firestore indexes allow you to perform complex queries while
[info] maintaining performance that scales with the size of the result
[info] set. You can keep index definitions in your project directory
[info] and publish them with firebase deploy.
[info] 
[debug] [2022-11-04T13:47:09.825Z] >>> [apiv2][query] GET https://firestore.googleapis.com/v1/projects/thinktac-assignment/databases/(default)/collectionGroups/-/indexes [none]
[debug] [2022-11-04T13:47:09.827Z] >>> [apiv2][query] GET https://firestore.googleapis.com/v1/projects/thinktac-assignment/databases/(default)/collectionGroups/-/fields?filter=indexConfig.usesAncestorConfig=false [none]
[debug] [2022-11-04T13:47:11.433Z] <<< [apiv2][status] GET https://firestore.googleapis.com/v1/projects/thinktac-assignment/databases/(default)/collectionGroups/-/indexes 200
[debug] [2022-11-04T13:47:11.434Z] <<< [apiv2][body] GET https://firestore.googleapis.com/v1/projects/thinktac-assignment/databases/(default)/collectionGroups/-/indexes {}
[debug] [2022-11-04T13:47:11.716Z] <<< [apiv2][status] GET https://firestore.googleapis.com/v1/projects/thinktac-assignment/databases/(default)/collectionGroups/-/fields?filter=indexConfig.usesAncestorConfig=false 200
[debug] [2022-11-04T13:47:11.717Z] <<< [apiv2][body] GET https://firestore.googleapis.com/v1/projects/thinktac-assignment/databases/(default)/collectionGroups/-/fields?filter=indexConfig.usesAncestorConfig=false {"fields":[{"name":"projects/thinktac-assignment/databases/(default)/collectionGroups/__default__/fields/*","indexConfig":{"indexes":[{"queryScope":"COLLECTION","fields":[{"fieldPath":"*","order":"ASCENDING"}],"state":"READY"},{"queryScope":"COLLECTION","fields":[{"fieldPath":"*","order":"DESCENDING"}],"state":"READY"},{"queryScope":"COLLECTION","fields":[{"fieldPath":"*","arrayConfig":"CONTAINS"}],"state":"READY"}]}}]}
[info] 
=== Hosting Setup
[info] 
[info] Your public directory is the folder (relative to your project directory) that
[info] will contain Hosting assets to be uploaded with firebase deploy. If you
[info] have a build process for your assets, use your build's output directory.
[info] 
[debug] [2022-11-04T13:47:23.847Z] >>> [apiv2][query] GET https://www.gstatic.com/firebasejs/releases.json [none]
[debug] [2022-11-04T13:47:23.917Z] <<< [apiv2][status] GET https://www.gstatic.com/firebasejs/releases.json 200
[debug] [2022-11-04T13:47:23.917Z] <<< [apiv2][body] GET https://www.gstatic.com/firebasejs/releases.json {"current":{"version":"9.13.0","browserURL":"https://www.gstatic.com/firebasejs/9.13.0/firebase.js","packageURL":"https://www.gstatic.com/firebasejs/9.13.0/firebase.tgz"},"live":{"version":"9.13","browserURL":"https://www.gstatic.com/firebasejs/live/9.13/firebase.js","packageURL":"https://www.gstatic.com/firebasejs/live/9.13/firebase.tgz"},"components":{"analytics":"https://www.gstatic.com/firebasejs/9.13.0/firebase-analytics.js","app":"https://www.gstatic.com/firebasejs/9.13.0/firebase-app.js","app-check":"https://www.gstatic.com/firebasejs/9.13.0/firebase-app-check.js","auth":"https://www.gstatic.com/firebasejs/9.13.0/firebase-auth.js","auth/cordova":"https://www.gstatic.com/firebasejs/9.13.0/firebase-auth/cordova.js","auth/react-native":"https://www.gstatic.com/firebasejs/9.13.0/firebase-auth/react-native.js","functions":"https://www.gstatic.com/firebasejs/9.13.0/firebase-functions.js","firestore":"https://www.gstatic.com/firebasejs/9.13.0/firebase-firestore.js","firestore/lite":"https://www.gstatic.com/firebasejs/9.13.0/firebase-firestore/lite.js","installations":"https://www.gstatic.com/firebasejs/9.13.0/firebase-installations.js","storage":"https://www.gstatic.com/firebasejs/9.13.0/firebase-storage.js","performance":"https://www.gstatic.com/firebasejs/9.13.0/firebase-performance.js","remote-config":"https://www.gstatic.com/firebasejs/9.13.0/firebase-remote-config.js","messaging":"https://www.gstatic.com/firebasejs/9.13.0/firebase-messaging.js","messaging/sw":"https://www.gstatic.com/firebasejs/9.13.0/firebase-messaging/sw.js","database":"https://www.gstatic.com/firebasejs/9.13.0/firebase-database.js","firestore.memory":"https://www.gstatic.com/firebasejs/9.13.0/firebase-firestore.memory.js"}}
[info] +  Wrote public/index.html 
[info] 
[info] i  Detected a .git folder at F:\Angular-Assignment 
[info] i  Authorizing with GitHub to upload your service account to a GitHub repository's secrets store. 
[info] 
[info] Visit this URL on this device to log in:
[info] https://github.com/login/oauth/authorize?client_id=89cf50f02ac6aaed3484&state=154874362&redirect_uri=http%3A%2F%2Flocalhost%3A9005&scope=read%3Auser%20repo%20public_repo
[info] 
[info] Waiting for authentication...
